<?xml version="1.0" encoding="UTF-8"?>
<!-- Generated by org.testng.reporters.JUnitReportReporter -->
<testsuite skipped="0" hostname="Lenovo-PC" name="com.testngconcepts.paralleltwo" tests="1" failures="0" timestamp="06 Oct 2020 19:29:08 GMT" time="20.207" errors="0">
  <testcase name="login" time="20.207" classname="com.testngconcepts.paralleltwo"/>
</testsuite> <!-- com.testngconcepts.paralleltwo -->
