<?xml version="1.0" encoding="UTF-8"?>
<!-- Generated by org.testng.reporters.JUnitReportReporter -->
<testsuite skipped="0" hostname="Lenovo-PC" name="com.testngconcepts.exptimout" tests="3" failures="0" timestamp="06 Oct 2020 19:50:46 GMT" time="27.245" errors="0">
  <testcase name="login" time="9.165" classname="com.testngconcepts.exptimout"/>
  <testcase name="Dividebyzero" time="8.745" classname="com.testngconcepts.exptimout"/>
  <testcase name="titleofloginpage" time="9.335" classname="com.testngconcepts.exptimout"/>
</testsuite> <!-- com.testngconcepts.exptimout -->
