<?xml version="1.0" encoding="UTF-8"?>
<!-- Generated by org.testng.reporters.JUnitReportReporter -->
<testsuite skipped="0" hostname="Lenovo-PC" name="com.testngconcepts.asserconcept" tests="2" failures="0" timestamp="06 Oct 2020 19:44:55 GMT" time="0.020" errors="0">
  <testcase name="testMethodThree" time="0.003" classname="com.testngconcepts.asserconcept"/>
  <testcase name="testMethodOne" time="0.017" classname="com.testngconcepts.asserconcept"/>
</testsuite> <!-- com.testngconcepts.asserconcept -->
