<?xml version="1.0" encoding="UTF-8"?>
<!-- Generated by org.testng.reporters.JUnitReportReporter -->
<testsuite skipped="0" hostname="Lenovo-PC" name="com.testngconcepts.grpconcept" tests="2" failures="0" timestamp="07 Oct 2020 05:44:20 GMT" time="0.036" errors="0">
  <testcase name="testMethodThree" time="0.010" classname="com.testngconcepts.grpconcept"/>
  <testcase name="testMethodOne" time="0.026" classname="com.testngconcepts.grpconcept"/>
</testsuite> <!-- com.testngconcepts.grpconcept -->
