<?xml version="1.0" encoding="UTF-8"?>
<!-- Generated by org.testng.reporters.JUnitReportReporter -->
<testsuite skipped="0" hostname="Lenovo-PC" name="com.testngconcepts.prioconcept" tests="3" failures="0" timestamp="07 Oct 2020 05:47:21 GMT" time="0.042" errors="0">
  <testcase name="cattest" time="0.010" classname="com.testngconcepts.prioconcept"/>
  <testcase name="againtest" time="0.026" classname="com.testngconcepts.prioconcept"/>
  <testcase name="boytest" time="0.006" classname="com.testngconcepts.prioconcept"/>
</testsuite> <!-- com.testngconcepts.prioconcept -->
