<?xml version="1.0" encoding="UTF-8"?>
<!-- Generated by org.testng.reporters.JUnitReportReporter -->
<testsuite skipped="0" hostname="Lenovo-PC" name="com.testngconcepts.testlogs" tests="2" failures="0" timestamp="07 Oct 2020 06:03:26 GMT" time="0.027" errors="0">
  <testcase name="testing" time="0.024" classname="com.testngconcepts.testlogs"/>
  <testcase name="testingtwo" time="0.003" classname="com.testngconcepts.testlogs"/>
</testsuite> <!-- com.testngconcepts.testlogs -->
