<?xml version="1.0" encoding="UTF-8"?>
<!-- Generated by org.testng.reporters.JUnitReportReporter -->
<testsuite skipped="0" hostname="Lenovo-PC" name="com.testngconcepts.Testimpl" tests="1" failures="0" timestamp="06 Oct 2020 18:35:00 GMT" time="11.311" errors="0">
  <testcase name="verifytitleofloginpage" time="11.311" classname="com.testngconcepts.Testimpl"/>
</testsuite> <!-- com.testngconcepts.Testimpl -->
