<?xml version="1.0" encoding="UTF-8"?>
<!-- Generated by org.testng.reporters.JUnitReportReporter -->
<testsuite skipped="0" hostname="Lenovo-PC" name="com.testngconcepts.Basictest" tests="1" failures="0" timestamp="07 Oct 2020 05:40:45 GMT" time="0.027" errors="0">
  <testcase name="testing" time="0.027" classname="com.testngconcepts.Basictest"/>
</testsuite> <!-- com.testngconcepts.Basictest -->
