<?xml version="1.0" encoding="UTF-8"?>
<!-- Generated by org.testng.reporters.JUnitReportReporter -->
<testsuite skipped="0" hostname="Lenovo-PC" name="com.testngconcepts.runrepeated" tests="2" failures="0" timestamp="07 Oct 2020 05:51:50 GMT" time="31.087" errors="0">
  <testcase name="login" time="15.043" classname="com.testngconcepts.runrepeated"/>
  <testcase name="login" time="16.044" classname="com.testngconcepts.runrepeated"/>
</testsuite> <!-- com.testngconcepts.runrepeated -->
