<?xml version="1.0" encoding="UTF-8"?>
<!-- Generated by org.testng.reporters.JUnitReportReporter -->
<testsuite skipped="0" hostname="Lenovo-PC" name="com.testngconcepts.pram" tests="1" failures="0" timestamp="04 Oct 2020 20:10:37 GMT" time="17.821" errors="0">
  <testcase name="login" time="17.821" classname="com.testngconcepts.pram"/>
</testsuite> <!-- com.testngconcepts.pram -->
