<?xml version="1.0" encoding="UTF-8"?>
<!-- Generated by org.testng.reporters.JUnitReportReporter -->
<testsuite skipped="1" hostname="Lenovo-PC" name="com.testngconcepts.Enabledisable" tests="3" failures="0" timestamp="07 Oct 2020 06:08:26 GMT" time="0.040" errors="0">
  <testcase name="testMethodOne" time="0.027" classname="com.testngconcepts.Enabledisable"/>
  <testcase name="testMethodThree" time="0.013" classname="com.testngconcepts.Enabledisable"/>
  <testcase name="testMethodTwo" classname="com.testngconcepts.Enabledisable">
    <skipped/>
  </testcase> <!-- testMethodTwo -->
</testsuite> <!-- com.testngconcepts.Enabledisable -->
