<?xml version="1.0" encoding="UTF-8"?>
<!-- Generated by org.testng.reporters.JUnitReportReporter -->
<testsuite skipped="0" hostname="Lenovo-PC" name="com.testngconcepts.parallelthree" tests="1" failures="0" timestamp="06 Oct 2020 19:31:48 GMT" time="7.766" errors="0">
  <testcase name="titleofloginpage" time="7.766" classname="com.testngconcepts.parallelthree"/>
</testsuite> <!-- com.testngconcepts.parallelthree -->
